make.exe all --print-data-base --no-builtin-variables --no-builtin-rules --question
# GNU Make 3.81
# Copyright (C) 2006  Free Software Foundation, Inc.
# This is free software; see the source for copying conditions.
# There is NO warranty; not even for MERCHANTABILITY or FITNESS FOR A
# PARTICULAR PURPOSE.

# This program built for i386-pc-mingw32
 

# Make data base, printed on Fri May 27 19:01:39 2022

# Variables

# automatic
<D = $(patsubst %/,%,$(dir $<))
# automatic
?F = $(notdir $?)
# makefile
MAKEFLAGS = Rrqp
# environment
VSCODE_LOG_NATIVE = false
# automatic
?D = $(patsubst %/,%,$(dir $?))
# automatic
@D = $(patsubst %/,%,$(dir $@))
# environment
HOMEDRIVE = C:
# automatic
@F = $(notdir $@)
# automatic
^D = $(patsubst %/,%,$(dir $^))
# makefile
CURDIR := c:/Users/rodri/AED_Trab_Final
# default
SHELL := sh.exe
# environment
WINDIR = C:\WINDOWS 

# environment
VSCODE_NLS_CONFIG = {"locale":"pt-pt","availableLanguages":{},"_languagePackSupport":true}
# environment
VBOX_MSI_INSTALL_PATH = C:\My Programs\VirtualBox\
# makefile (from `makefile', line 17)
CFLAGS = -I. -Wall
# environment
ONEDRIVE = C:\Users\rodri\OneDrive
# environment
PATHEXT = .COM;.EXE;.BAT;.CMD;.VBS;.VBE;.JS;.JSE;.WSF;.WSH;.MSC
# makefile (from `makefile', line 1)
MAKEFILE_LIST :=  makefile
# environment
FPS_BROWSER_USER_PROFILE_STRING = Default
# environment
TMP = C:\Users\rodri\AppData\Local\Temp
# makefile (from `makefile', line 20)
SOURCES = $(wildcard *.c)
# environment
VSCODE_VERBOSE_LOGGING = true
# environment
PROGRAMW6432 = C:\Program Files
# environment
PROGRAMDATA = C:\ProgramData
# environment
VSCODE_IPC_HOOK_EXTHOST = \\.\pipe\vscode-ipc-6267291e-ee7f-4555-9b58-0b248266ae72-sock
# environment
VSCODE_CWD = C:\My Programs\Microsoft VS Code
# environment
PATH = C:\My Programs\VMWare\bin\;C:\Program Files (x86)\Common Files\Oracle\Java\javapath;C:\WINDOWS\system32;C:\WINDOWS;C:\WINDOWS\System32\Wbem;C:\WINDOWS\System32\WindowsPowerShell\v1.0\;C:\WINDOWS\System32\OpenSSH\;C:\My Programs\Git\cmd;C:\Users\rodri\AppData\Local\Microsoft\WindowsApps;C:\My Programs\CodeBlocks\MinGW\bin;C:\My Programs\Microsoft VS Code\bin;
# environment
COMMONPROGRAMW6432 = C:\Program Files\Common Files
# environment
PROCESSOR_ARCHITECTURE = x86
# environment
USERPROFILE = C:\Users\rodri
# environment
ALLUSERSPROFILE = C:\ProgramData
# environment
VSCODE_LOG_STACK = false
# environment
NUMBER_OF_PROCESSORS = 12
# environment
ELECTRON_RUN_AS_NODE = 1
# makefile (from `makefile', line 13)
LDFLAGS = -lm 
# default
.FEATURES := target-specific order-only second-expansion else-if archives
# automatic
%F = $(notdir $%)
# environment
CHROME_CRASHPAD_PIPE_NAME = \\.\pipe\crashpad_19068_LEVIJHTHJAXRABZP
# environment
VSCODE_PIPE_LOGGING = true
# environment
COMPUTERNAME = LAPTOP-DK1QM374
# environment
PROGRAMFILES = C:\Program Files (x86)
# environment
DRIVERDATA = C:\Windows\System32\Drivers\DriverData
# environment
ORIGINAL_XDG_CURRENT_DESKTOP = undefined
# environment
USERNAME = rodri
# environment
PUBLIC = C:\Users\Public
# environment
VSCODE_AMD_ENTRYPOINT = vs/workbench/api/node/extensionHostProcess
# environment
VSCODE_CODE_CACHE_PATH = C:\Users\rodri\AppData\Roaming\Code\CachedData\c3511e6c69bb39013c4a4b7b9566ec1ca73fc4d5
# environment
APPLICATION_INSIGHTS_NO_DIAGNOSTIC_CHANNEL = 1
# environment
COMMONPROGRAMFILES = C:\Program Files (x86)\Common Files
# environment
LOGONSERVER = \\LAPTOP-DK1QM374
# environment
ONEDRIVECONSUMER = C:\Users\rodri\OneDrive
# environment
VSCODE_HANDLES_UNCAUGHT_ERRORS = true
# environment
USERDOMAIN = LAPTOP-DK1QM374
# default
MAKE = $(MAKE_COMMAND)
# default
MAKECMDGOALS := all
# makefile (from `makefile', line 10)
CC = gcc
# default
MAKE_VERSION := 3.81
# makefile
.DEFAULT_GOAL := main
# environment
PROGRAMFILES(X86) = C:\Program Files (x86)
# automatic
%D = $(patsubst %/,%,$(dir $%))
# environment
LOCALAPPDATA = C:\Users\rodri\AppData\Local
# environment
PSMODULEPATH = C:\Prog 
ram Files\WindowsPowerShell\Modules;C:\WINDOWS\system32\WindowsPowerShell\v1.0\Modules
# default
MAKE_COMMAND := make.exe
# environment
PROCESSOR_ARCHITEW6432 = AMD64
# default
.VARIABLES := 
# automatic
*F = $(notdir $*)
# environment
PROCESSOR_IDENTIFIER = AMD64 Family 23 Model 96 Stepping 1, AuthenticAMD
# environment
OS = Windows_NT
# environment
VSCODE_IPC_HOOK = \\.\pipe\e72c50099abccae9eb90b55e4b0378e4-1.67.2-main-sock
# environment
HOMEPATH = \Users\rodri
# environment
COMMONPROGRAMFILES(X86) = C:\Program Files (x86)\Common Files
# environment
PROMPT = $P$G
# environment
MFLAGS = -Rrqp
# automatic
*D = $(patsubst %/,%,$(dir $*))
# environment
SYSTEMROOT = C:\WINDOWS
# automatic
+D = $(patsubst %/,%,$(dir $+))
# automatic
+F = $(notdir $+)
# environment
APPDATA = C:\Users\rodri\AppData\Roaming
# environment
TEMP = C:\Users\rodri\AppData\Local\Temp
# environment
COMSPEC = C:\WINDOWS\system32\cmd.exe
# default
MAKEFILES := 
# automatic
<F = $(notdir $<)
# environment
LC_ALL = C
# automatic
^F = $(notdir $^)
# default
SUFFIXES := 
# environment
SYSTEMDRIVE = C:
# environment
SESSIONNAME = Console
# environment
PROCESSOR_REVISION = 6001
# environment
MAKELEVEL := 0
# makefile (from `makefile', line 24)
OBJECTS = $(SOURCES:.c=.o)
# environment
LANG = C
# environment
PROCESSOR_LEVEL = 23
# environment
FPS_BROWSER_APP_PROFILE_STRING = Internet Explorer
# environment
VSCODE_PID = 19068
# environment
USERDOMAIN_ROAMINGPROFILE = LAPTOP-DK1QM374
# variable set hash-table stats:
# Load=95/1024=9%, Rehash=0, Collisions=9/117=8%

# Pattern-specific Variable Values

# No pattern-specific variable values.

# Directories

# C:\My Programs\Microsoft VS Code\bin (key C:/My Programs/Microsoft VS Code/bin, mtime 1652965438): 4 files, no impossibilities.
# C:\WINDOWS\System32\WindowsPowerShell\v1.0\ (key C:/WINDOWS/System32/WindowsPowerShell/v1.0/, mtime 1622916987): 30 files, no impossibilities.
# C:\WINDOWS\System32\Wbem (key C:/WINDOWS/System32/Wbem, mtime 1652702562): 155 files, no impossibilities.
# . (key c:/Users/rodri/A 
ED_Trab_Final, mtime 1653674351): 28 files, no impossibilities.
# C:\Users\rodri\AppData\Local\Microsoft\WindowsApps (key C:/Users/rodri/AppData/Local/Microsoft/WindowsApps, mtime 1653581960): 28 files, no impossibilities.
# C:\My Programs\Git\cmd (key C:/My Programs/Git/cmd, mtime 1653223549): 8 files, no impossibilities.
# C:\WINDOWS\System32\OpenSSH\: could not be stat'd.
# C:\Program Files (x86)\Common Files\Oracle\Java\javapath (key C:/Program Files (x86)/Common Files/Oracle/Java/javapath, mtime 1635148476): 5 files, no impossibilities.
# C:\WINDOWS (key C:/WINDOWS, mtime 1652702679): 112 files, no impossibilities.
# C:\My Programs\VMWare\bin\: could not be stat'd.
# C:\My Programs\CodeBlocks\MinGW\bin (key C:/My Programs/CodeBlocks/MinGW/bin, mtime 1646773705): 61 files, no impossibilities.
# C:\WINDOWS\system32 (key C:/WINDOWS/system32, mtime 1653323541): 2999 files, no impossibilities.

# 3430 files, no impossibilities in 12 directories.

# Implicit Rules

# No implicit rules.

# Files

# Not a target:
all:
#  Command-line target.
#  Implicit rule search has been done.
#  File does not exist.
#  File has not been updated.
# variable set hash-table stats:
# Load=0/32=0%, Rehash=0, Collisions=0/0=0%

# Not a target:
Terreno.o:
#  Implicit rule search has not been done.
#  Modification time never checked.
#  File has not been updated.

.PHONY: clean
#  Implicit rule search has not been done.
#  Modification time never checked.
#  File has not been updated.

# Not a target:
.DEFAULT:
#  Implicit rule search 
 has not been done.
#  Modification time never checked.
#  File has not been updated.

# Not a target:
makefile:
#  Implicit rule search has been done.
#  Last modified 2022-03-24 16:44:08
#  File has been updated.
#  Successfully updated.
# variable set hash-table stats:
# Load=0/32=0%, Rehash=0, Collisions=0/0=0%

# Not a target:
Concurso.o:
#  Implicit rule search has not been done.
#  Modification time never checked.
#  File has not been updated.

# Not a target:
.SUFFIXES:
#  Implicit rule search has not been done.
#  Modification time never checked.
#  File has not been updated.

# Not a target:
Talhoes.o:
#  Implicit rule search has not been done.
#  Modification time never checked.
#  File has not been updated.

# Not a target:
sequencia.o:
#  Implicit rule search has not been done.
#  Modification time never checked.
#  File has not been updated.

# Not a target:
Equipa.o:
#  Implicit rule search has not been done.
#  Modification time never checked.
#  File has not been updated.

clean:
#  Phony target (prerequisite of .PHONY).
#  Implicit rule search has not been done.
#  File does not exist.
#  File has not been updated.
#  commands to execute (from `makefile', line 37):
	del $(OBJECTS) main
	

cleano:
#  Implicit rule search has not been done.
#  Modification time never checked.
#  File has not been updated.
#  commands to execute (from `makefile', line 40):
	del $(OBJECTS)
	

# Not a target:
Arqueologo.o:
#  Implicit rule search has not been done.
#  Modification time never checked.
#  File has no 
make.exe: *** No rule to make target `all'.  Stop.

t been updated.

main: Arqueologo.o Concurso.o Equipa.o iterador.o Main.o sequencia.o Talhoes.o Terreno.o
#  Implicit rule search has not been done.
#  Modification time never checked.
#  File has not been updated.
#  commands to execute (from `makefile', line 32):
	$(CC) -o $@ $^ $(CFLAGS) $(LDFLAGS) && del $(OBJECTS)
	

# Not a target:
Main.o:
#  Implicit rule search has not been done.
#  Modification time never checked.
#  File has not been updated.

# Not a target:
iterador.o:
#  Implicit rule search has not been done.
#  Modification time never checked.
#  File has not been updated.

# files hash-table stats:
# Load=16/1024=2%, Rehash=0, Collisions=0/36=0%
# VPATH Search Paths

# No `vpath' search paths.

# No general (`VPATH' variable) search path.

# # of strings in strcache: 1
# # of strcache buffers: 1
# strcache size: total = 4096 / max = 4096 / min = 4096 / avg = 4096
# strcache free: total = 4087 / max = 4087 / min = 4087 / avg = 4087

# Finished Make data base on Fri May 27 19:01:40 2022

 
